2016-04-21 19:59:47,458 INFO o.a.u.IOUtilitiesTest [Test worker] 
2016-04-21 19:59:51,095 INFO o.a.r.i.v.TestVisualPrintMaterialDetector [Test worker] Determining liquid level in: ToughSituation.png.
2016-04-21 19:59:51,594 INFO o.a.r.i.v.TestVisualPrintMaterialDetector [Test worker] Time taken to perform visual inspection of remaining print resin: 498ms
2016-04-21 19:59:51,594 INFO o.a.r.i.v.TestVisualPrintMaterialDetector [Test worker] Remaining print resin: NaN%
2016-04-21 19:59:51,785 INFO o.a.r.i.v.CircleTest [Test worker] [[X:22 Y:58 R:15 votes:74]]
2016-04-21 19:59:51,833 INFO o.a.r.i.v.CircleTest [Test worker] Complete
2016-04-21 19:59:51,848 INFO o.a.r.i.v.LineTest [Test worker] [x1:84 y1:0 x2:-128 y2:20 votes:12, x1:85 y1:0 x2:-129 y2:20 votes:12, x1:85 y1:0 x2:-131 y2:20 votes:12, x1:86 y1:0 x2:-132 y2:20 votes:12, x1:87 y1:0 x2:-134 y2:20 votes:12, x1:88 y1:0 x2:-136 y2:20 votes:12, x1:89 y1:0 x2:-137 y2:20 votes:12, x1:90 y1:0 x2:-139 y2:20 votes:12, x1:91 y1:0 x2:-141 y2:20 votes:12, x1:92 y1:0 x2:-143 y2:20 votes:12, x1:93 y1:0 x2:-144 y2:20 votes:12, x1:94 y1:0 x2:-146 y2:20 votes:12, x1:95 y1:0 x2:-148 y2:20 votes:12, x1:96 y1:0 x2:-150 y2:20 votes:12, x1:97 y1:0 x2:-152 y2:20 votes:12, x1:98 y1:0 x2:-154 y2:20 votes:12, x1:99 y1:0 x2:-156 y2:20 votes:12, x1:100 y1:0 x2:-159 y2:20 votes:12, x1:102 y1:0 x2:-161 y2:20 votes:12, x1:103 y1:0 x2:-163 y2:20 votes:13, x1:104 y1:0 x2:-165 y2:20 votes:13, x1:105 y1:0 x2:-168 y2:20 votes:13, x1:107 y1:0 x2:-170 y2:20 votes:13, x1:108 y1:0 x2:-173 y2:20 votes:13, x1:110 y1:0 x2:-176 y2:20 votes:13, x1:111 y1:0 x2:-178 y2:20 votes:13, x1:112 y1:0 x2:-181 y2:20 votes:13, x1:114 y1:0 x2:-184 y2:20 votes:13, x1:116 y1:0 x2:-187 y2:20 votes:13, x1:117 y1:0 x2:-190 y2:20 votes:13, x1:119 y1:0 x2:-193 y2:20 votes:13, x1:121 y1:0 x2:-196 y2:20 votes:13, x1:123 y1:0 x2:-200 y2:20 votes:13, x1:124 y1:0 x2:-203 y2:20 votes:13, x1:126 y1:0 x2:-207 y2:20 votes:13, x1:128 y1:0 x2:-210 y2:20 votes:13, x1:130 y1:0 x2:-214 y2:20 votes:13, x1:133 y1:0 x2:-218 y2:20 votes:13, x1:135 y1:0 x2:-222 y2:20 votes:13, x1:137 y1:0 x2:-227 y2:20 votes:13, x1:139 y1:0 x2:-231 y2:20 votes:13, x1:142 y1:0 x2:-236 y2:20 votes:13, x1:144 y1:0 x2:-240 y2:20 votes:13, x1:147 y1:0 x2:-245 y2:20 votes:13, x1:150 y1:0 x2:-250 y2:20 votes:13, x1:153 y1:0 x2:-256 y2:20 votes:13, x1:156 y1:0 x2:-261 y2:20 votes:14, x1:159 y1:0 x2:-267 y2:20 votes:14, x1:162 y1:0 x2:-273 y2:20 votes:14, x1:166 y1:0 x2:-280 y2:20 votes:14, x1:169 y1:0 x2:-286 y2:20 votes:14, x1:173 y1:0 x2:-293 y2:20 votes:14, x1:177 y1:0 x2:-300 y2:20 votes:14, x1:181 y1:0 x2:-308 y2:20 votes:14, x1:185 y1:0 x2:-316 y2:20 votes:14, x1:190 y1:0 x2:-324 y2:20 votes:14, x1:195 y1:0 x2:-333 y2:20 votes:14, x1:200 y1:0 x2:-343 y2:20 votes:14, x1:205 y1:0 x2:-353 y2:20 votes:15, x1:211 y1:0 x2:-363 y2:20 votes:15, x1:216 y1:0 x2:-374 y2:20 votes:15, x1:223 y1:0 x2:-386 y2:20 votes:15, x1:230 y1:0 x2:-398 y2:20 votes:15, x1:237 y1:0 x2:-412 y2:20 votes:15, x1:244 y1:0 x2:-426 y2:20 votes:15, x1:252 y1:0 x2:-441 y2:20 votes:15, x1:261 y1:0 x2:-457 y2:20 votes:16, x1:271 y1:0 x2:-475 y2:20 votes:16, x1:281 y1:0 x2:-493 y2:20 votes:16, x1:292 y1:0 x2:-514 y2:20 votes:16, x1:304 y1:0 x2:-536 y2:20 votes:17, x1:316 y1:0 x2:-560 y2:20 votes:17, x1:331 y1:0 x2:-586 y2:20 votes:17, x1:346 y1:0 x2:-615 y2:20 votes:17, x1:363 y1:0 x2:-646 y2:20 votes:18, x1:382 y1:0 x2:-681 y2:20 votes:18, x1:403 y1:0 x2:-720 y2:20 votes:18, x1:426 y1:0 x2:-763 y2:20 votes:18, x1:453 y1:0 x2:-812 y2:20 votes:19, x1:483 y1:0 x2:-868 y2:20 votes:19, x1:517 y1:0 x2:-932 y2:20 votes:20, x1:556 y1:0 x2:-1005 y2:20 votes:20, x1:603 y1:0 x2:-1092 y2:20 votes:20, x1:658 y1:0 x2:-1194 y2:20 votes:20, x1:724 y1:0 x2:-1317 y2:20 votes:20, x1:805 y1:0 x2:-1467 y2:20 votes:20, x1:907 y1:0 x2:-1657 y2:20 votes:20, x1:1039 y1:0 x2:-1902 y2:20 votes:20, x1:1217 y1:0 x2:-2232 y2:20 votes:20, x1:1469 y1:0 x2:-2700 y2:20 votes:20, x1:1853 y1:0 x2:-3414 y2:20 votes:20, x1:2513 y1:0 x2:-4638 y2:20 votes:20, x1:3906 y1:0 x2:-7226 y2:20 votes:20, x1:8800 y1:0 x2:-16314 y2:20 votes:20, x1:-34358 y1:0 x2:63837 y2:20 votes:20, x1:-5805 y1:0 x2:10810 y2:20 votes:20, x1:-3166 y1:0 x2:5909 y2:20 votes:20, x1:-2174 y1:0 x2:4067 y2:20 votes:20, x1:-1655 y1:0 x2:3102 y2:20 votes:20, x1:-1335 y1:0 x2:2508 y2:20 votes:20, x1:-1118 y1:0 x2:2105 y2:20 votes:20, x1:-961 y1:0 x2:1814 y2:20 votes:20, x1:-843 y1:0 x2:1594 y2:20 votes:20, x1:-750 y1:0 x2:1422 y2:20 votes:20, x1:-675 y1:0 x2:1284 y2:20 votes:20, x1:-614 y1:0 x2:1170 y2:20 votes:20, x1:-563 y1:0 x2:1075 y2:20 votes:20, x1:-520 y1:0 x2:994 y2:20 votes:20, x1:-482 y1:0 x2:925 y2:20 votes:20, x1:-450 y1:0 x2:865 y2:20 votes:20, x1:-421 y1:0 x2:812 y2:20 votes:19, x1:-396 y1:0 x2:765 y2:20 votes:19, x1:-374 y1:0 x2:724 y2:20 votes:18, x1:-354 y1:0 x2:686 y2:20 votes:18, x1:-336 y1:0 x2:653 y2:20 votes:18, x1:-320 y1:0 x2:623 y2:20 votes:18, x1:-305 y1:0 x2:595 y2:20 votes:18, x1:-291 y1:0 x2:570 y2:20 votes:18, x1:-279 y1:0 x2:547 y2:20 votes:17, x1:-267 y1:0 x2:525 y2:20 votes:17, x1:-257 y1:0 x2:506 y2:20 votes:17, x1:-247 y1:0 x2:487 y2:20 votes:17, x1:-238 y1:0 x2:470 y2:20 votes:17, x1:-229 y1:0 x2:455 y2:20 votes:16, x1:-221 y1:0 x2:440 y2:20 votes:16, x1:-214 y1:0 x2:426 y2:20 votes:16, x1:-207 y1:0 x2:413 y2:20 votes:16, x1:-200 y1:0 x2:401 y2:20 votes:16, x1:-194 y1:0 x2:389 y2:20 votes:16, x1:-188 y1:0 x2:379 y2:20 votes:16, x1:-183 y1:0 x2:368 y2:20 votes:15, x1:-178 y1:0 x2:359 y2:20 votes:15, x1:-173 y1:0 x2:350 y2:20 votes:15, x1:-168 y1:0 x2:341 y2:20 votes:15, x1:-163 y1:0 x2:333 y2:20 votes:15, x1:-159 y1:0 x2:325 y2:20 votes:15, x1:-155 y1:0 x2:317 y2:20 votes:15, x1:-151 y1:0 x2:310 y2:20 votes:15, x1:-148 y1:0 x2:303 y2:20 votes:15, x1:-144 y1:0 x2:297 y2:20 votes:15, x1:-141 y1:0 x2:291 y2:20 votes:15, x1:-138 y1:0 x2:285 y2:20 votes:15, x1:-135 y1:0 x2:279 y2:20 votes:15, x1:-132 y1:0 x2:274 y2:20 votes:14, x1:-129 y1:0 x2:268 y2:20 votes:14, x1:-126 y1:0 x2:263 y2:20 votes:14, x1:-123 y1:0 x2:258 y2:20 votes:14, x1:-121 y1:0 x2:254 y2:20 votes:14, x1:-118 y1:0 x2:249 y2:20 votes:14, x1:-116 y1:0 x2:245 y2:20 votes:14, x1:-114 y1:0 x2:241 y2:20 votes:14, x1:-112 y1:0 x2:237 y2:20 votes:14, x1:-110 y1:0 x2:233 y2:20 votes:14, x1:-108 y1:0 x2:229 y2:20 votes:14, x1:-106 y1:0 x2:225 y2:20 votes:14, x1:-104 y1:0 x2:222 y2:20 votes:14, x1:-102 y1:0 x2:218 y2:20 votes:14, x1:-100 y1:0 x2:215 y2:20 votes:14, x1:-98 y1:0 x2:212 y2:20 votes:14, x1:-97 y1:0 x2:209 y2:20 votes:14, x1:-95 y1:0 x2:206 y2:20 votes:14, x1:-93 y1:0 x2:203 y2:20 votes:14, x1:-92 y1:0 x2:200 y2:20 votes:14, x1:-90 y1:0 x2:197 y2:20 votes:14, x1:-89 y1:0 x2:194 y2:20 votes:14, x1:-88 y1:0 x2:192 y2:20 votes:14, x1:-86 y1:0 x2:189 y2:20 votes:14, x1:-85 y1:0 x2:187 y2:20 votes:14, x1:-84 y1:0 x2:184 y2:20 votes:14, x1:-82 y1:0 x2:182 y2:20 votes:14, x1:-81 y1:0 x2:180 y2:20 votes:13, x1:-80 y1:0 x2:178 y2:20 votes:13, x1:-79 y1:0 x2:176 y2:20 votes:13, x1:-78 y1:0 x2:173 y2:20 votes:13, x1:-76 y1:0 x2:171 y2:20 votes:13, x1:-75 y1:0 x2:169 y2:20 votes:13, x1:-74 y1:0 x2:167 y2:20 votes:13, x1:-73 y1:0 x2:166 y2:20 votes:13, x1:-72 y1:0 x2:164 y2:20 votes:13, x1:-71 y1:0 x2:162 y2:20 votes:12, x1:-70 y1:0 x2:160 y2:20 votes:12, x1:-69 y1:0 x2:158 y2:20 votes:12, x1:-69 y1:0 x2:157 y2:20 votes:12, x1:-68 y1:0 x2:155 y2:20 votes:12, x1:-67 y1:0 x2:153 y2:20 votes:12, x1:-66 y1:0 x2:152 y2:20 votes:12, x1:-65 y1:0 x2:150 y2:20 votes:12, x1:-64 y1:0 x2:149 y2:20 votes:12]
2016-04-21 19:59:51,883 INFO o.a.r.i.v.LineTest [Test worker] Complete
2016-04-21 19:59:52,117 INFO o.a.r.i.v.LineTest [Test worker] []
2016-04-21 19:59:52,369 INFO o.a.r.i.v.LineTest [Test worker] Complete
2016-04-21 19:59:54,843 ERROR o.a.u.TemplateEngine [Test worker] buildAreaMM was used in a template:G99 ${1 + buildAreaMM * 2} ;dependent on buildArea, but isn't supported by this print processor.
2016-04-21 19:59:55,624 INFO o.a.r.p.HexCodeBasedProjectorTesting [Test worker] Projector json parse and javascript eval test.
2016-04-21 20:00:00,658 DEBUG o.a.r.p.HexCodeBasedProjector [Test worker] Timeout after bytes read ""
2016-04-21 20:00:06,575 DEBUG o.a.r.p.HexCodeBasedProjector [Test worker] Timeout after bytes read ""
2016-04-21 20:00:11,776 DEBUG o.a.r.p.HexCodeBasedProjector [Test worker] Timeout after bytes read ""
2016-04-21 20:00:11,783 INFO o.a.r.p.DetectFirmwareMock [Test worker] Firmware detection test.
2016-04-21 20:00:11,789 DEBUG o.a.r.s.SerialManager [Test worker] Attempting 3dprinter firmware detection on:Mock for ComPortSettings, hashCode: 1210116542
2016-04-21 20:00:15,991 DEBUG o.a.r.s.SerialManager [Test worker] Chitchat was:Grbl 0.9i ['$' for help]
ok
 from:Mock for ComPortSettings, hashCode: 1210116542
2016-04-21 20:00:20,191 DEBUG o.a.r.s.SerialManager [Test worker] 3dprinter firmware found on:Mock for ComPortSettings, hashCode: 1210116542
2016-04-21 20:00:20,217 INFO o.a.r.g.GCodeControl [Test worker] Write 0: G21

2016-04-21 20:00:20,218 INFO o.a.r.g.GCodeControl [Test worker] lineRead: null
2016-04-21 20:00:20,219 INFO o.a.r.g.GCodeControl [Test worker] Write 0: G21

2016-04-21 20:00:20,219 INFO o.a.r.g.GCodeControl [Test worker] lineRead: k

2016-04-21 20:00:20,220 INFO o.a.r.g.GCodeControl [Test worker] Write 0: G21

2016-04-21 20:00:20,221 INFO o.a.r.g.GCodeControl [Test worker] lineRead: K

2016-04-21 20:00:20,222 INFO o.a.r.g.GCodeControl [Test worker] Write 0: G21

2016-04-21 20:00:20,222 INFO o.a.r.g.GCodeControl [Test worker] lineRead: Ok

2016-04-21 20:00:20,223 INFO o.a.r.g.GCodeControl [Test worker] Write 0: G21

2016-04-21 20:00:20,223 INFO o.a.r.g.GCodeControl [Test worker] lineRead: ok

2016-04-21 20:00:20,224 INFO o.a.r.g.GCodeControl [Test worker] Write 0: G21

2016-04-21 20:00:20,224 INFO o.a.r.g.GCodeControl [Test worker] lineRead: Rror: This is the error message.

2016-04-21 20:00:20,226 INFO o.a.r.g.GCodeControl [Test worker] Write 0: G21

2016-04-21 20:00:20,226 INFO o.a.r.g.GCodeControl [Test worker] lineRead: rRor: This is the error message.

2016-04-21 20:00:20,227 INFO o.a.r.g.GCodeControl [Test worker] Write 0: G21

2016-04-21 20:00:20,227 INFO o.a.r.g.GCodeControl [Test worker] lineRead: Error: This is the error message.

2016-04-21 20:00:20,231 INFO o.a.r.g.GCodeControl [Test worker] Write 0: G21

2016-04-21 20:00:20,232 INFO o.a.r.g.GCodeControl [Test worker] lineRead: Error: This is the error message.

2016-04-21 20:00:20,234 INFO o.a.r.g.GCodeControl [Test worker] Write 0: G21

2016-04-21 20:00:20,234 INFO o.a.r.g.GCodeControl [Test worker] lineRead: Larm: This is the alarm message.

2016-04-21 20:00:20,236 INFO o.a.r.g.GCodeControl [Test worker] Write 0: G21

2016-04-21 20:00:20,236 INFO o.a.r.g.GCodeControl [Test worker] lineRead: lArm: This is the alarm message.

2016-04-21 20:00:20,237 INFO o.a.r.g.GCodeControl [Test worker] Write 0: G21

2016-04-21 20:00:20,238 INFO o.a.r.g.GCodeControl [Test worker] lineRead: Alarm: This is the alarm message.

2016-04-21 20:00:20,238 INFO o.a.r.g.GCodeControl [Test worker] Write 0: G21

2016-04-21 20:00:20,239 INFO o.a.r.g.GCodeControl [Test worker] lineRead: alaRm: This is the alarm message.

2016-04-21 20:00:20,240 INFO o.a.r.g.GCodeControl [Test worker] Write 0: G21

2016-04-21 20:00:20,240 INFO o.a.r.g.GCodeControl [Test worker] lineRead: feedback message>

2016-04-21 20:00:20,242 INFO o.a.r.g.GCodeControl [Test worker] Write 0: G21

2016-04-21 20:00:20,242 INFO o.a.r.g.GCodeControl [Test worker] lineRead: feedback message>

2016-04-21 20:00:20,244 INFO o.a.r.g.GCodeControl [Test worker] Write 0: G21

2016-04-21 20:00:20,245 INFO o.a.r.g.GCodeControl [Test worker] lineRead: <feedback message>

2016-04-21 20:00:20,246 INFO o.a.r.g.GCodeControl [Test worker] Write 0: G21

2016-04-21 20:00:20,246 INFO o.a.r.g.GCodeControl [Test worker] lineRead: <feedback message>

2016-04-21 20:00:20,247 INFO o.a.r.g.GCodeControl [Test worker] Write 0: G21

2016-04-21 20:00:20,249 INFO o.a.r.g.GCodeControl [Test worker] lineRead: status report>

2016-04-21 20:00:20,250 INFO o.a.r.g.GCodeControl [Test worker] Write 0: G21

2016-04-21 20:00:20,251 INFO o.a.r.g.GCodeControl [Test worker] lineRead: status report>

2016-04-21 20:00:20,251 INFO o.a.r.g.GCodeControl [Test worker] Write 0: G21

2016-04-21 20:00:20,252 INFO o.a.r.g.GCodeControl [Test worker] lineRead: <status report>

2016-04-21 20:00:20,253 INFO o.a.r.g.GCodeControl [Test worker] Write 0: G21

2016-04-21 20:00:20,253 INFO o.a.r.g.GCodeControl [Test worker] lineRead: <status report>

2016-04-21 20:06:01,336 INFO o.a.r.s.Main [main] =================================================================
2016-04-21 20:06:01,337 INFO o.a.r.s.Main [main] =================================================================
2016-04-21 20:06:01,337 INFO o.a.r.s.Main [main] Photonic3D started
2016-04-21 20:06:01,337 INFO o.a.r.s.Main [main] =================================================================
2016-04-21 20:06:01,337 INFO o.a.r.s.Main [main] =================================================================
2016-04-21 20:06:02,939 ERROR o.a.r.s.Main [main] Error starting Photonic3D http server
java.net.BindException: Address already in use: bind
	at sun.nio.ch.Net.bind0(Native Method) ~[?:1.8.0_92]
	at sun.nio.ch.Net.bind(Net.java:433) ~[?:1.8.0_92]
	at sun.nio.ch.Net.bind(Net.java:425) ~[?:1.8.0_92]
	at sun.nio.ch.ServerSocketChannelImpl.bind(ServerSocketChannelImpl.java:223) ~[?:1.8.0_92]
	at sun.nio.ch.ServerSocketAdaptor.bind(ServerSocketAdaptor.java:74) ~[?:1.8.0_92]
	at org.eclipse.jetty.server.ServerConnector.open(ServerConnector.java:326) ~[jetty-server-9.3.7.v20160115.jar:9.3.7.v20160115]
	at org.eclipse.jetty.server.AbstractNetworkConnector.doStart(AbstractNetworkConnector.java:80) ~[jetty-server-9.3.7.v20160115.jar:9.3.7.v20160115]
	at org.eclipse.jetty.server.ServerConnector.doStart(ServerConnector.java:244) ~[jetty-server-9.3.7.v20160115.jar:9.3.7.v20160115]
	at org.eclipse.jetty.util.component.AbstractLifeCycle.start(AbstractLifeCycle.java:68) ~[jetty-util-9.3.7.v20160115.jar:9.3.7.v20160115]
	at org.eclipse.jetty.server.Server.doStart(Server.java:384) ~[jetty-server-9.3.7.v20160115.jar:9.3.7.v20160115]
	at org.eclipse.jetty.util.component.AbstractLifeCycle.start(AbstractLifeCycle.java:68) ~[jetty-util-9.3.7.v20160115.jar:9.3.7.v20160115]
	at org.area515.resinprinter.server.Main.main(Main.java:146) [main/:?]
2016-04-21 20:06:03,225 ERROR o.a.r.d.UPNPAdvertiser [main] Couldn't advertise URI:
2016-04-21 20:06:03,225 ERROR o.a.r.p.FeatureManager [main] Couldn't start feature
java.lang.RuntimeException: Couldn't advertise URI:http://192.168.56.1:9091
	at org.area515.resinprinter.discover.UPNPAdvertiser.start(UPNPAdvertiser.java:119) ~[main/:?]
	at org.area515.resinprinter.plugin.FeatureManager.start(FeatureManager.java:26) [main/:?]
	at org.area515.resinprinter.server.Main.main(Main.java:152) [main/:?]
2016-04-21 20:08:18,342 INFO o.a.r.s.Main [main] =================================================================
2016-04-21 20:08:18,342 INFO o.a.r.s.Main [main] =================================================================
2016-04-21 20:08:18,342 INFO o.a.r.s.Main [main] Photonic3D started
2016-04-21 20:08:18,342 INFO o.a.r.s.Main [main] =================================================================
2016-04-21 20:08:18,342 INFO o.a.r.s.Main [main] =================================================================
2016-04-21 20:08:20,677 INFO o.a.r.d.UPNPAdvertiser [main] Relative UPNP root descriptor: /dev/152be35d-032f-6e40-0000-0000203b1340/desc
2016-04-21 20:09:59,163 INFO o.a.r.s.Main [main] =================================================================
2016-04-21 20:09:59,173 INFO o.a.r.s.Main [main] =================================================================
2016-04-21 20:09:59,173 INFO o.a.r.s.Main [main] Photonic3D started
2016-04-21 20:09:59,173 INFO o.a.r.s.Main [main] =================================================================
2016-04-21 20:09:59,173 INFO o.a.r.s.Main [main] =================================================================
2016-04-21 20:10:01,053 INFO o.a.r.d.UPNPAdvertiser [main] Relative UPNP root descriptor: /dev/152be35d-032f-6e40-0000-0000203b1340/desc
2016-04-21 20:11:04,543 INFO o.a.u.IOUtilitiesTest [Test worker] 
2016-04-21 20:11:08,071 INFO o.a.r.i.v.TestVisualPrintMaterialDetector [Test worker] Determining liquid level in: ToughSituation.png.
2016-04-21 20:11:08,591 INFO o.a.r.i.v.TestVisualPrintMaterialDetector [Test worker] Time taken to perform visual inspection of remaining print resin: 520ms
2016-04-21 20:11:08,591 INFO o.a.r.i.v.TestVisualPrintMaterialDetector [Test worker] Remaining print resin: NaN%
2016-04-21 20:11:08,771 INFO o.a.r.i.v.CircleTest [Test worker] [[X:22 Y:58 R:15 votes:74]]
2016-04-21 20:11:08,951 INFO o.a.r.i.v.CircleTest [Test worker] Complete
2016-04-21 20:11:08,961 INFO o.a.r.i.v.LineTest [Test worker] [x1:84 y1:0 x2:-128 y2:20 votes:12, x1:85 y1:0 x2:-129 y2:20 votes:12, x1:85 y1:0 x2:-131 y2:20 votes:12, x1:86 y1:0 x2:-132 y2:20 votes:12, x1:87 y1:0 x2:-134 y2:20 votes:12, x1:88 y1:0 x2:-136 y2:20 votes:12, x1:89 y1:0 x2:-137 y2:20 votes:12, x1:90 y1:0 x2:-139 y2:20 votes:12, x1:91 y1:0 x2:-141 y2:20 votes:12, x1:92 y1:0 x2:-143 y2:20 votes:12, x1:93 y1:0 x2:-144 y2:20 votes:12, x1:94 y1:0 x2:-146 y2:20 votes:12, x1:95 y1:0 x2:-148 y2:20 votes:12, x1:96 y1:0 x2:-150 y2:20 votes:12, x1:97 y1:0 x2:-152 y2:20 votes:12, x1:98 y1:0 x2:-154 y2:20 votes:12, x1:99 y1:0 x2:-156 y2:20 votes:12, x1:100 y1:0 x2:-159 y2:20 votes:12, x1:102 y1:0 x2:-161 y2:20 votes:12, x1:103 y1:0 x2:-163 y2:20 votes:13, x1:104 y1:0 x2:-165 y2:20 votes:13, x1:105 y1:0 x2:-168 y2:20 votes:13, x1:107 y1:0 x2:-170 y2:20 votes:13, x1:108 y1:0 x2:-173 y2:20 votes:13, x1:110 y1:0 x2:-176 y2:20 votes:13, x1:111 y1:0 x2:-178 y2:20 votes:13, x1:112 y1:0 x2:-181 y2:20 votes:13, x1:114 y1:0 x2:-184 y2:20 votes:13, x1:116 y1:0 x2:-187 y2:20 votes:13, x1:117 y1:0 x2:-190 y2:20 votes:13, x1:119 y1:0 x2:-193 y2:20 votes:13, x1:121 y1:0 x2:-196 y2:20 votes:13, x1:123 y1:0 x2:-200 y2:20 votes:13, x1:124 y1:0 x2:-203 y2:20 votes:13, x1:126 y1:0 x2:-207 y2:20 votes:13, x1:128 y1:0 x2:-210 y2:20 votes:13, x1:130 y1:0 x2:-214 y2:20 votes:13, x1:133 y1:0 x2:-218 y2:20 votes:13, x1:135 y1:0 x2:-222 y2:20 votes:13, x1:137 y1:0 x2:-227 y2:20 votes:13, x1:139 y1:0 x2:-231 y2:20 votes:13, x1:142 y1:0 x2:-236 y2:20 votes:13, x1:144 y1:0 x2:-240 y2:20 votes:13, x1:147 y1:0 x2:-245 y2:20 votes:13, x1:150 y1:0 x2:-250 y2:20 votes:13, x1:153 y1:0 x2:-256 y2:20 votes:13, x1:156 y1:0 x2:-261 y2:20 votes:14, x1:159 y1:0 x2:-267 y2:20 votes:14, x1:162 y1:0 x2:-273 y2:20 votes:14, x1:166 y1:0 x2:-280 y2:20 votes:14, x1:169 y1:0 x2:-286 y2:20 votes:14, x1:173 y1:0 x2:-293 y2:20 votes:14, x1:177 y1:0 x2:-300 y2:20 votes:14, x1:181 y1:0 x2:-308 y2:20 votes:14, x1:185 y1:0 x2:-316 y2:20 votes:14, x1:190 y1:0 x2:-324 y2:20 votes:14, x1:195 y1:0 x2:-333 y2:20 votes:14, x1:200 y1:0 x2:-343 y2:20 votes:14, x1:205 y1:0 x2:-353 y2:20 votes:15, x1:211 y1:0 x2:-363 y2:20 votes:15, x1:216 y1:0 x2:-374 y2:20 votes:15, x1:223 y1:0 x2:-386 y2:20 votes:15, x1:230 y1:0 x2:-398 y2:20 votes:15, x1:237 y1:0 x2:-412 y2:20 votes:15, x1:244 y1:0 x2:-426 y2:20 votes:15, x1:252 y1:0 x2:-441 y2:20 votes:15, x1:261 y1:0 x2:-457 y2:20 votes:16, x1:271 y1:0 x2:-475 y2:20 votes:16, x1:281 y1:0 x2:-493 y2:20 votes:16, x1:292 y1:0 x2:-514 y2:20 votes:16, x1:304 y1:0 x2:-536 y2:20 votes:17, x1:316 y1:0 x2:-560 y2:20 votes:17, x1:331 y1:0 x2:-586 y2:20 votes:17, x1:346 y1:0 x2:-615 y2:20 votes:17, x1:363 y1:0 x2:-646 y2:20 votes:18, x1:382 y1:0 x2:-681 y2:20 votes:18, x1:403 y1:0 x2:-720 y2:20 votes:18, x1:426 y1:0 x2:-763 y2:20 votes:18, x1:453 y1:0 x2:-812 y2:20 votes:19, x1:483 y1:0 x2:-868 y2:20 votes:19, x1:517 y1:0 x2:-932 y2:20 votes:20, x1:556 y1:0 x2:-1005 y2:20 votes:20, x1:603 y1:0 x2:-1092 y2:20 votes:20, x1:658 y1:0 x2:-1194 y2:20 votes:20, x1:724 y1:0 x2:-1317 y2:20 votes:20, x1:805 y1:0 x2:-1467 y2:20 votes:20, x1:907 y1:0 x2:-1657 y2:20 votes:20, x1:1039 y1:0 x2:-1902 y2:20 votes:20, x1:1217 y1:0 x2:-2232 y2:20 votes:20, x1:1469 y1:0 x2:-2700 y2:20 votes:20, x1:1853 y1:0 x2:-3414 y2:20 votes:20, x1:2513 y1:0 x2:-4638 y2:20 votes:20, x1:3906 y1:0 x2:-7226 y2:20 votes:20, x1:8800 y1:0 x2:-16314 y2:20 votes:20, x1:-34358 y1:0 x2:63837 y2:20 votes:20, x1:-5805 y1:0 x2:10810 y2:20 votes:20, x1:-3166 y1:0 x2:5909 y2:20 votes:20, x1:-2174 y1:0 x2:4067 y2:20 votes:20, x1:-1655 y1:0 x2:3102 y2:20 votes:20, x1:-1335 y1:0 x2:2508 y2:20 votes:20, x1:-1118 y1:0 x2:2105 y2:20 votes:20, x1:-961 y1:0 x2:1814 y2:20 votes:20, x1:-843 y1:0 x2:1594 y2:20 votes:20, x1:-750 y1:0 x2:1422 y2:20 votes:20, x1:-675 y1:0 x2:1284 y2:20 votes:20, x1:-614 y1:0 x2:1170 y2:20 votes:20, x1:-563 y1:0 x2:1075 y2:20 votes:20, x1:-520 y1:0 x2:994 y2:20 votes:20, x1:-482 y1:0 x2:925 y2:20 votes:20, x1:-450 y1:0 x2:865 y2:20 votes:20, x1:-421 y1:0 x2:812 y2:20 votes:19, x1:-396 y1:0 x2:765 y2:20 votes:19, x1:-374 y1:0 x2:724 y2:20 votes:18, x1:-354 y1:0 x2:686 y2:20 votes:18, x1:-336 y1:0 x2:653 y2:20 votes:18, x1:-320 y1:0 x2:623 y2:20 votes:18, x1:-305 y1:0 x2:595 y2:20 votes:18, x1:-291 y1:0 x2:570 y2:20 votes:18, x1:-279 y1:0 x2:547 y2:20 votes:17, x1:-267 y1:0 x2:525 y2:20 votes:17, x1:-257 y1:0 x2:506 y2:20 votes:17, x1:-247 y1:0 x2:487 y2:20 votes:17, x1:-238 y1:0 x2:470 y2:20 votes:17, x1:-229 y1:0 x2:455 y2:20 votes:16, x1:-221 y1:0 x2:440 y2:20 votes:16, x1:-214 y1:0 x2:426 y2:20 votes:16, x1:-207 y1:0 x2:413 y2:20 votes:16, x1:-200 y1:0 x2:401 y2:20 votes:16, x1:-194 y1:0 x2:389 y2:20 votes:16, x1:-188 y1:0 x2:379 y2:20 votes:16, x1:-183 y1:0 x2:368 y2:20 votes:15, x1:-178 y1:0 x2:359 y2:20 votes:15, x1:-173 y1:0 x2:350 y2:20 votes:15, x1:-168 y1:0 x2:341 y2:20 votes:15, x1:-163 y1:0 x2:333 y2:20 votes:15, x1:-159 y1:0 x2:325 y2:20 votes:15, x1:-155 y1:0 x2:317 y2:20 votes:15, x1:-151 y1:0 x2:310 y2:20 votes:15, x1:-148 y1:0 x2:303 y2:20 votes:15, x1:-144 y1:0 x2:297 y2:20 votes:15, x1:-141 y1:0 x2:291 y2:20 votes:15, x1:-138 y1:0 x2:285 y2:20 votes:15, x1:-135 y1:0 x2:279 y2:20 votes:15, x1:-132 y1:0 x2:274 y2:20 votes:14, x1:-129 y1:0 x2:268 y2:20 votes:14, x1:-126 y1:0 x2:263 y2:20 votes:14, x1:-123 y1:0 x2:258 y2:20 votes:14, x1:-121 y1:0 x2:254 y2:20 votes:14, x1:-118 y1:0 x2:249 y2:20 votes:14, x1:-116 y1:0 x2:245 y2:20 votes:14, x1:-114 y1:0 x2:241 y2:20 votes:14, x1:-112 y1:0 x2:237 y2:20 votes:14, x1:-110 y1:0 x2:233 y2:20 votes:14, x1:-108 y1:0 x2:229 y2:20 votes:14, x1:-106 y1:0 x2:225 y2:20 votes:14, x1:-104 y1:0 x2:222 y2:20 votes:14, x1:-102 y1:0 x2:218 y2:20 votes:14, x1:-100 y1:0 x2:215 y2:20 votes:14, x1:-98 y1:0 x2:212 y2:20 votes:14, x1:-97 y1:0 x2:209 y2:20 votes:14, x1:-95 y1:0 x2:206 y2:20 votes:14, x1:-93 y1:0 x2:203 y2:20 votes:14, x1:-92 y1:0 x2:200 y2:20 votes:14, x1:-90 y1:0 x2:197 y2:20 votes:14, x1:-89 y1:0 x2:194 y2:20 votes:14, x1:-88 y1:0 x2:192 y2:20 votes:14, x1:-86 y1:0 x2:189 y2:20 votes:14, x1:-85 y1:0 x2:187 y2:20 votes:14, x1:-84 y1:0 x2:184 y2:20 votes:14, x1:-82 y1:0 x2:182 y2:20 votes:14, x1:-81 y1:0 x2:180 y2:20 votes:13, x1:-80 y1:0 x2:178 y2:20 votes:13, x1:-79 y1:0 x2:176 y2:20 votes:13, x1:-78 y1:0 x2:173 y2:20 votes:13, x1:-76 y1:0 x2:171 y2:20 votes:13, x1:-75 y1:0 x2:169 y2:20 votes:13, x1:-74 y1:0 x2:167 y2:20 votes:13, x1:-73 y1:0 x2:166 y2:20 votes:13, x1:-72 y1:0 x2:164 y2:20 votes:13, x1:-71 y1:0 x2:162 y2:20 votes:12, x1:-70 y1:0 x2:160 y2:20 votes:12, x1:-69 y1:0 x2:158 y2:20 votes:12, x1:-69 y1:0 x2:157 y2:20 votes:12, x1:-68 y1:0 x2:155 y2:20 votes:12, x1:-67 y1:0 x2:153 y2:20 votes:12, x1:-66 y1:0 x2:152 y2:20 votes:12, x1:-65 y1:0 x2:150 y2:20 votes:12, x1:-64 y1:0 x2:149 y2:20 votes:12]
2016-04-21 20:11:08,991 INFO o.a.r.i.v.LineTest [Test worker] Complete
2016-04-21 20:11:09,181 INFO o.a.r.i.v.LineTest [Test worker] []
2016-04-21 20:11:09,391 INFO o.a.r.i.v.LineTest [Test worker] Complete
2016-04-21 20:11:11,731 ERROR o.a.u.TemplateEngine [Test worker] buildAreaMM was used in a template:G99 ${1 + buildAreaMM * 2} ;dependent on buildArea, but isn't supported by this print processor.
2016-04-21 20:11:12,411 INFO o.a.r.p.HexCodeBasedProjectorTesting [Test worker] Projector json parse and javascript eval test.
2016-04-21 20:11:18,864 DEBUG o.a.r.p.HexCodeBasedProjector [Test worker] Timeout after bytes read ""
2016-04-21 20:11:23,868 DEBUG o.a.r.p.HexCodeBasedProjector [Test worker] Timeout after bytes read ""
2016-04-21 20:11:28,918 DEBUG o.a.r.p.HexCodeBasedProjector [Test worker] Timeout after bytes read ""
2016-04-21 20:11:28,922 INFO o.a.r.p.DetectFirmwareMock [Test worker] Firmware detection test.
2016-04-21 20:11:28,932 DEBUG o.a.r.s.SerialManager [Test worker] Attempting 3dprinter firmware detection on:Mock for ComPortSettings, hashCode: 233787593
2016-04-21 20:11:33,132 DEBUG o.a.r.s.SerialManager [Test worker] Chitchat was:Grbl 0.9i ['$' for help]
ok
 from:Mock for ComPortSettings, hashCode: 233787593
2016-04-21 20:11:37,334 DEBUG o.a.r.s.SerialManager [Test worker] 3dprinter firmware found on:Mock for ComPortSettings, hashCode: 233787593
2016-04-21 20:11:37,354 INFO o.a.r.g.GCodeControl [Test worker] Write 0: G21

2016-04-21 20:11:37,354 INFO o.a.r.g.GCodeControl [Test worker] lineRead: null
2016-04-21 20:11:37,354 INFO o.a.r.g.GCodeControl [Test worker] Write 0: G21

2016-04-21 20:11:37,354 INFO o.a.r.g.GCodeControl [Test worker] lineRead: k

2016-04-21 20:11:37,354 INFO o.a.r.g.GCodeControl [Test worker] Write 0: G21

2016-04-21 20:11:37,354 INFO o.a.r.g.GCodeControl [Test worker] lineRead: K

2016-04-21 20:11:37,354 INFO o.a.r.g.GCodeControl [Test worker] Write 0: G21

2016-04-21 20:11:37,354 INFO o.a.r.g.GCodeControl [Test worker] lineRead: Ok

2016-04-21 20:11:37,354 INFO o.a.r.g.GCodeControl [Test worker] Write 0: G21

2016-04-21 20:11:37,354 INFO o.a.r.g.GCodeControl [Test worker] lineRead: ok

2016-04-21 20:11:37,354 INFO o.a.r.g.GCodeControl [Test worker] Write 0: G21

2016-04-21 20:11:37,354 INFO o.a.r.g.GCodeControl [Test worker] lineRead: Rror: This is the error message.

2016-04-21 20:11:37,354 INFO o.a.r.g.GCodeControl [Test worker] Write 0: G21

2016-04-21 20:11:37,354 INFO o.a.r.g.GCodeControl [Test worker] lineRead: rRor: This is the error message.

2016-04-21 20:11:37,364 INFO o.a.r.g.GCodeControl [Test worker] Write 0: G21

2016-04-21 20:11:37,364 INFO o.a.r.g.GCodeControl [Test worker] lineRead: Error: This is the error message.

2016-04-21 20:11:37,364 INFO o.a.r.g.GCodeControl [Test worker] Write 0: G21

2016-04-21 20:11:37,364 INFO o.a.r.g.GCodeControl [Test worker] lineRead: Error: This is the error message.

2016-04-21 20:11:37,364 INFO o.a.r.g.GCodeControl [Test worker] Write 0: G21

2016-04-21 20:11:37,364 INFO o.a.r.g.GCodeControl [Test worker] lineRead: Larm: This is the alarm message.

2016-04-21 20:11:37,364 INFO o.a.r.g.GCodeControl [Test worker] Write 0: G21

2016-04-21 20:11:37,364 INFO o.a.r.g.GCodeControl [Test worker] lineRead: lArm: This is the alarm message.

2016-04-21 20:11:37,364 INFO o.a.r.g.GCodeControl [Test worker] Write 0: G21

2016-04-21 20:11:37,364 INFO o.a.r.g.GCodeControl [Test worker] lineRead: Alarm: This is the alarm message.

2016-04-21 20:11:37,364 INFO o.a.r.g.GCodeControl [Test worker] Write 0: G21

2016-04-21 20:11:37,364 INFO o.a.r.g.GCodeControl [Test worker] lineRead: alaRm: This is the alarm message.

2016-04-21 20:11:37,364 INFO o.a.r.g.GCodeControl [Test worker] Write 0: G21

2016-04-21 20:11:37,374 INFO o.a.r.g.GCodeControl [Test worker] lineRead: feedback message>

2016-04-21 20:11:37,374 INFO o.a.r.g.GCodeControl [Test worker] Write 0: G21

2016-04-21 20:11:37,374 INFO o.a.r.g.GCodeControl [Test worker] lineRead: feedback message>

2016-04-21 20:11:37,374 INFO o.a.r.g.GCodeControl [Test worker] Write 0: G21

2016-04-21 20:11:37,374 INFO o.a.r.g.GCodeControl [Test worker] lineRead: <feedback message>

2016-04-21 20:11:37,374 INFO o.a.r.g.GCodeControl [Test worker] Write 0: G21

2016-04-21 20:11:37,374 INFO o.a.r.g.GCodeControl [Test worker] lineRead: <feedback message>

2016-04-21 20:11:37,374 INFO o.a.r.g.GCodeControl [Test worker] Write 0: G21

2016-04-21 20:11:37,374 INFO o.a.r.g.GCodeControl [Test worker] lineRead: status report>

2016-04-21 20:11:37,374 INFO o.a.r.g.GCodeControl [Test worker] Write 0: G21

2016-04-21 20:11:37,374 INFO o.a.r.g.GCodeControl [Test worker] lineRead: status report>

2016-04-21 20:11:37,374 INFO o.a.r.g.GCodeControl [Test worker] Write 0: G21

2016-04-21 20:11:37,374 INFO o.a.r.g.GCodeControl [Test worker] lineRead: <status report>

2016-04-21 20:11:37,374 INFO o.a.r.g.GCodeControl [Test worker] Write 0: G21

2016-04-21 20:11:37,384 INFO o.a.r.g.GCodeControl [Test worker] lineRead: <status report>

2016-04-21 20:12:28,019 INFO o.a.r.s.Main [main] =================================================================
2016-04-21 20:12:28,029 INFO o.a.r.s.Main [main] =================================================================
2016-04-21 20:12:28,029 INFO o.a.r.s.Main [main] Photonic3D started
2016-04-21 20:12:28,029 INFO o.a.r.s.Main [main] =================================================================
2016-04-21 20:12:28,029 INFO o.a.r.s.Main [main] =================================================================
2016-04-21 20:12:29,860 INFO o.a.r.d.UPNPAdvertiser [main] Relative UPNP root descriptor: /dev/152be35d-032f-6e40-0000-0000203b1340/desc
2016-04-21 20:13:39,778 INFO o.a.r.s.Main [main] =================================================================
2016-04-21 20:13:39,778 INFO o.a.r.s.Main [main] =================================================================
2016-04-21 20:13:39,778 INFO o.a.r.s.Main [main] Photonic3D started
2016-04-21 20:13:39,778 INFO o.a.r.s.Main [main] =================================================================
2016-04-21 20:13:39,778 INFO o.a.r.s.Main [main] =================================================================
2016-04-21 20:13:41,638 INFO o.a.r.d.UPNPAdvertiser [main] Relative UPNP root descriptor: /dev/152be35d-032f-6e40-0000-0000203b1340/desc
2016-04-21 20:13:51,026 INFO o.a.r.s.ProgressiveDownloadServlet [qtp431687661-16] HTTPGet:/video/camera.mp4
2016-04-21 20:13:51,026 WARN o.a.r.s.ProgressiveDownloadServlet [qtp431687661-16] File doesn't exist:C:\Users\Robin\AppData\Local\Temp\temp.mp4 for resource:http://localhost:9091/video/camera.mp4
2016-04-21 20:13:53,482 ERROR o.a.u.IOUtilities [qtp431687661-15] Error masked due to the friendly error message not being set
java.io.IOException: Cannot run program "/bin/sh": CreateProcess error=2, The system cannot find the file specified
	at java.lang.ProcessBuilder.start(ProcessBuilder.java:1048) ~[?:1.8.0_92]
	at java.lang.Runtime.exec(Runtime.java:620) ~[?:1.8.0_92]
	at java.lang.Runtime.exec(Runtime.java:485) ~[?:1.8.0_92]
	at org.area515.util.IOUtilities.executeNativeCommand(IOUtilities.java:333) [main/:?]
	at org.area515.resinprinter.network.LinuxNetworkManager.getNetworkInterfaces(LinuxNetworkManager.java:66) [main/:?]
	at org.area515.resinprinter.services.MachineService.getWirelessNetworks(MachineService.java:395) [main/:?]
	at sun.reflect.NativeMethodAccessorImpl.invoke0(Native Method) ~[?:1.8.0_92]
	at sun.reflect.NativeMethodAccessorImpl.invoke(NativeMethodAccessorImpl.java:62) ~[?:1.8.0_92]
	at sun.reflect.DelegatingMethodAccessorImpl.invoke(DelegatingMethodAccessorImpl.java:43) ~[?:1.8.0_92]
	at java.lang.reflect.Method.invoke(Method.java:498) ~[?:1.8.0_92]
	at org.jboss.resteasy.core.MethodInjectorImpl.invoke(MethodInjectorImpl.java:137) [resteasy-jaxrs-3.0.9.Final.jar:?]
	at org.jboss.resteasy.core.ResourceMethodInvoker.invokeOnTarget(ResourceMethodInvoker.java:296) [resteasy-jaxrs-3.0.9.Final.jar:?]
	at org.jboss.resteasy.core.ResourceMethodInvoker.invoke(ResourceMethodInvoker.java:250) [resteasy-jaxrs-3.0.9.Final.jar:?]
	at org.jboss.resteasy.core.ResourceMethodInvoker.invoke(ResourceMethodInvoker.java:237) [resteasy-jaxrs-3.0.9.Final.jar:?]
	at org.jboss.resteasy.core.SynchronousDispatcher.invoke(SynchronousDispatcher.java:356) [resteasy-jaxrs-3.0.9.Final.jar:?]
	at org.jboss.resteasy.core.SynchronousDispatcher.invoke(SynchronousDispatcher.java:179) [resteasy-jaxrs-3.0.9.Final.jar:?]
	at org.jboss.resteasy.plugins.server.servlet.ServletContainerDispatcher.service(ServletContainerDispatcher.java:220) [resteasy-jaxrs-3.0.9.Final.jar:?]
	at org.jboss.resteasy.plugins.server.servlet.HttpServletDispatcher.service(HttpServletDispatcher.java:56) [resteasy-jaxrs-3.0.9.Final.jar:?]
	at org.jboss.resteasy.plugins.server.servlet.HttpServletDispatcher.service(HttpServletDispatcher.java:51) [resteasy-jaxrs-3.0.9.Final.jar:?]
	at javax.servlet.http.HttpServlet.service(HttpServlet.java:790) [javax.servlet-api-3.1.0.jar:3.1.0]
	at org.eclipse.jetty.servlet.ServletHolder.handle(ServletHolder.java:835) [jetty-servlet-9.3.7.v20160115.jar:9.3.7.v20160115]
	at org.eclipse.jetty.servlet.ServletHandler$CachedChain.doFilter(ServletHandler.java:1685) [jetty-servlet-9.3.7.v20160115.jar:9.3.7.v20160115]
	at org.eclipse.jetty.websocket.server.WebSocketUpgradeFilter.doFilter(WebSocketUpgradeFilter.java:225) [websocket-server-9.3.7.v20160115.jar:9.3.7.v20160115]
	at org.eclipse.jetty.servlet.ServletHandler$CachedChain.doFilter(ServletHandler.java:1668) [jetty-servlet-9.3.7.v20160115.jar:9.3.7.v20160115]
	at org.eclipse.jetty.servlet.ServletHandler.doHandle(ServletHandler.java:581) [jetty-servlet-9.3.7.v20160115.jar:9.3.7.v20160115]
	at org.eclipse.jetty.server.session.SessionHandler.doHandle(SessionHandler.java:224) [jetty-server-9.3.7.v20160115.jar:9.3.7.v20160115]
	at org.eclipse.jetty.server.handler.ContextHandler.doHandle(ContextHandler.java:1158) [jetty-server-9.3.7.v20160115.jar:9.3.7.v20160115]
	at org.eclipse.jetty.servlet.ServletHandler.doScope(ServletHandler.java:511) [jetty-servlet-9.3.7.v20160115.jar:9.3.7.v20160115]
	at org.eclipse.jetty.server.session.SessionHandler.doScope(SessionHandler.java:185) [jetty-server-9.3.7.v20160115.jar:9.3.7.v20160115]
	at org.eclipse.jetty.server.handler.ContextHandler.doScope(ContextHandler.java:1090) [jetty-server-9.3.7.v20160115.jar:9.3.7.v20160115]
	at org.eclipse.jetty.server.handler.ScopedHandler.handle(ScopedHandler.java:141) [jetty-server-9.3.7.v20160115.jar:9.3.7.v20160115]
	at org.eclipse.jetty.server.handler.HandlerList.handle(HandlerList.java:52) [jetty-server-9.3.7.v20160115.jar:9.3.7.v20160115]
	at org.eclipse.jetty.server.handler.HandlerWrapper.handle(HandlerWrapper.java:119) [jetty-server-9.3.7.v20160115.jar:9.3.7.v20160115]
	at org.eclipse.jetty.server.Server.handle(Server.java:517) [jetty-server-9.3.7.v20160115.jar:9.3.7.v20160115]
	at org.eclipse.jetty.server.HttpChannel.handle(HttpChannel.java:308) [jetty-server-9.3.7.v20160115.jar:9.3.7.v20160115]
	at org.eclipse.jetty.server.HttpConnection.onFillable(HttpConnection.java:242) [jetty-server-9.3.7.v20160115.jar:9.3.7.v20160115]
	at org.eclipse.jetty.io.AbstractConnection$ReadCallback.succeeded(AbstractConnection.java:273) [jetty-io-9.3.7.v20160115.jar:9.3.7.v20160115]
	at org.eclipse.jetty.io.FillInterest.fillable(FillInterest.java:95) [jetty-io-9.3.7.v20160115.jar:9.3.7.v20160115]
	at org.eclipse.jetty.io.SelectChannelEndPoint$2.run(SelectChannelEndPoint.java:75) [jetty-io-9.3.7.v20160115.jar:9.3.7.v20160115]
	at org.eclipse.jetty.util.thread.strategy.ExecuteProduceConsume.produceAndRun(ExecuteProduceConsume.java:213) [jetty-util-9.3.7.v20160115.jar:9.3.7.v20160115]
	at org.eclipse.jetty.util.thread.strategy.ExecuteProduceConsume.run(ExecuteProduceConsume.java:147) [jetty-util-9.3.7.v20160115.jar:9.3.7.v20160115]
	at org.eclipse.jetty.util.thread.QueuedThreadPool.runJob(QueuedThreadPool.java:654) [jetty-util-9.3.7.v20160115.jar:9.3.7.v20160115]
	at org.eclipse.jetty.util.thread.QueuedThreadPool$3.run(QueuedThreadPool.java:572) [jetty-util-9.3.7.v20160115.jar:9.3.7.v20160115]
	at java.lang.Thread.run(Thread.java:745) [?:1.8.0_92]
Caused by: java.io.IOException: CreateProcess error=2, The system cannot find the file specified
	at java.lang.ProcessImpl.create(Native Method) ~[?:1.8.0_92]
	at java.lang.ProcessImpl.<init>(ProcessImpl.java:386) ~[?:1.8.0_92]
	at java.lang.ProcessImpl.start(ProcessImpl.java:137) ~[?:1.8.0_92]
	at java.lang.ProcessBuilder.start(ProcessBuilder.java:1029) ~[?:1.8.0_92]
	... 43 more
